163:/home/lalitmee/.luarocks/share/lua/5.1/busted/block.lua
0 0 0 0 0 0 0 0 0 0 0 0 0 0 0 1 1 0 1 3196 0 3196 3197 0 1 188 188 3384 3196 3008 0 0 189 0 0 94 94 94 94 1 0 1 376 0 376 282 282 0 0 0 0 376 46 0 376 376 330 0 0 46 46 0 0 0 0 0 0 46 0 46 1 0 1 422 0 422 282 282 0 0 0 0 422 0 422 516 94 0 0 0 0 422 1 0 1 468 468 0 468 468 0 0 0 0 0 0 468 282 0 0 0 468 1 0 1 94 1 0 1 46 46 46 0 47 0 1 46 1 0 1 46 1 0 1 45 0 45 45 45 0 0 0 0 45 0 45 45 0 45 0 0 0 0 45 45 0 0 45 45 0 46 0 1 
130:/home/lalitmee/.luarocks/share/lua/5.1/busted/context.lua
0 0 0 5 230 225 0 5 5 5 5 5 0 0 0 5 230 225 0 230 0 225 0 0 0 455 450 0 5 0 0 0 0 0 0 0 0 0 0 0 0 0 0 0 94 94 188 94 94 0 94 188 0 0 0 0 0 0 0 94 0 94 0 0 233 233 5 228 94 134 0 0 233 233 0 0 233 233 0 0 233 5 0 233 0 0 3930 0 0 0 0 0 0 0 0 0 0 0 0 0 0 0 0 0 144 144 144 144 0 0 47 0 0 0 10447 0 0 0 652 652 652 652 652 0 0 652 652 652 652 652 
317:/home/lalitmee/.luarocks/share/lua/5.1/busted/core.lua
0 0 0 0 0 0 0 0 0 0 0 0 0 0 0 0 0 0 0 0 0 0 0 0 0 0 0 0 0 0 0 0 0 0 0 0 0 0 0 0 5 0 0 0 0 0 0 0 0 0 0 0 0 0 0 0 0 0 0 0 0 0 0 0 0 0 0 0 0 139 139 0 139 139 139 139 0 0 0 0 139 139 0 139 139 0 0 0 0 0 0 0 0 0 0 0 0 0 0 0 0 0 0 0 425 0 0 0 34 0 0 0 0 0 0 0 139 0 233 233 5 5 5 5 5 5 0 0 228 134 134 134 134 134 0 0 94 0 0 0 0 0 0 0 0 0 0 0 0 0 0 0 0 0 0 0 0 0 0 0 0 0 0 0 0 0 5 0 5 0 5 0 0 652 652 652 0 1304 0 0 0 1304 0 652 0 0 0 0 0 0 0 0 0 0 0 0 0 0 0 0 0 0 652 0 652 652 0 0 0 280 280 280 140 140 140 140 140 140 0 560 280 560 280 0 0 0 0 0 0 0 0 0 0 0 0 0 0 0 0 0 0 0 0 0 0 0 0 0 0 0 0 0 0 0 0 0 0 0 144 5 5 139 0 0 0 144 0 144 144 139 0 0 0 144 288 0 144 144 0 0 0 0 0 0 144 144 144 144 144 144 144 144 144 144 144 144 0 0 144 0 144 51 0 93 0 144 0 0 0 46 190 144 144 278 144 0 46 
31:/home/lalitmee/.luarocks/share/lua/5.1/busted/environment.lua
0 0 0 0 0 0 0 11651 0 11501 8106 11501 0 0 0 0 0 0 0 0 3545 0 0 0 0 0 0 0 0 0 5 
72:/home/lalitmee/.luarocks/share/lua/5.1/busted/execute.lua
1 1 1 0 0 0 0 0 0 0 0 0 1 0 0 1 0 0 1 1 0 0 0 0 0 0 0 0 0 0 0 0 0 0 0 0 0 0 1 0 2 1 0 0 0 0 0 1 0 1 0 0 0 0 1 1 1 1 0 1 1 0 1 0 1 0 0 0 2 0 1 1 
129:/home/lalitmee/.luarocks/share/lua/5.1/busted/init.lua
0 0 0 0 5 5 5 0 5 5 0 0 40 40 40 0 40 40 0 0 94 94 0 94 0 0 0 0 94 0 94 94 94 0 94 0 94 94 94 94 94 0 0 0 0 0 0 94 0 0 94 94 0 0 0 0 0 0 0 0 0 0 0 0 0 0 0 0 0 0 0 0 0 0 0 0 0 0 0 0 0 0 0 0 0 0 0 0 0 0 0 0 0 0 0 0 0 0 0 0 0 0 0 0 0 0 0 0 0 0 0 0 0 0 0 0 0 0 0 0 0 0 0 0 0 0 0 0 299 
50:/home/lalitmee/.luarocks/share/lua/5.1/busted/languages/en.lua
1 0 1 0 0 1 1 1 1 0 1 1 1 1 0 1 1 1 1 0 1 1 1 1 0 1 0 1 1 0 0 1 1 1 1 1 1 1 1 1 0 1 1 1 1 1 1 0 1 1 
4:/home/lalitmee/.luarocks/share/lua/5.1/busted/luajit.lua
1 0 1 2 
23:/home/lalitmee/.luarocks/share/lua/5.1/busted/modules/files/lua.lua
1 0 1 0 0 139 139 139 1 0 0 5 1 0 0 5 5 0 0 5 1 0 1 
107:/home/lalitmee/.luarocks/share/lua/5.1/busted/modules/files/moonscript.lua
1 0 2 1 1 0 1 0 0 0 0 0 0 0 0 0 0 1 0 0 0 0 0 0 0 0 0 0 0 0 1 0 0 0 0 0 1 0 0 0 0 0 0 0 0 0 0 0 0 0 0 0 0 0 0 0 0 0 0 0 0 0 0 0 0 0 1 0 1 0 0 0 0 0 0 0 0 0 0 0 1 0 0 0 0 0 0 0 0 0 0 0 1 0 0 0 1 0 0 0 0 0 0 0 1 0 1 
156:/home/lalitmee/.luarocks/share/lua/5.1/busted/modules/filter_loader.lua
0 0 0 94 94 0 282 282 188 188 0 0 94 1 0 0 0 0 1 0 0 134 0 0 0 0 134 1 0 0 94 94 0 0 0 0 94 1 0 0 134 0 0 0 0 134 1 0 1 1 0 0 0 0 0 0 0 0 0 0 0 0 1 0 0 134 0 0 0 0 134 1 0 0 94 0 0 0 0 94 1 0 0 0 0 0 0 0 0 0 0 0 1 0 0 0 1 0 1 0 0 0 0 0 0 1 0 0 0 1 0 0 10 18 13 0 0 11 0 0 0 0 0 0 0 0 1 0 1 0 0 0 0 0 0 0 0 0 0 0 0 0 0 1 1 1 1 0 0 1 1 1 1 1 1 1 
32:/home/lalitmee/.luarocks/share/lua/5.1/busted/modules/helper_loader.lua
0 0 0 0 0 0 1 2 0 0 1 1 0 1 1 0 0 0 0 0 0 1 0 0 2 0 1 0 1 0 0 1 
34:/home/lalitmee/.luarocks/share/lua/5.1/busted/modules/output_handler_loader.lua
0 0 0 0 0 0 0 0 1 2 1 0 1 0 0 1 0 2 0 1 0 0 0 1 0 0 0 0 1 0 0 0 1 1 
101:/home/lalitmee/.luarocks/share/lua/5.1/busted/modules/test_file_loader.lua
1 0 0 1 1 1 1 0 3 2 2 0 0 0 0 0 1 0 1 1 1 0 2 13 13 0 0 0 0 21 13 5 0 0 8 2 0 2 5 0 0 5 0 2 0 0 0 0 0 1 1 1 0 0 1 2 1 0 1 1 0 0 0 5 5 5 0 0 1 0 0 1 0 6 5 0 5 10 5 5 5 5 0 0 5 0 0 0 1 0 0 0 0 0 0 0 1 1 0 1 1 
181:/home/lalitmee/.luarocks/share/lua/5.1/busted/outputHandlers/base.lua
1 1 0 0 1 1 1 1 1 1 1 1 1 1 1 0 0 0 282 1 0 0 1 1 0 1 0 0 0 1 1 1 1 1 1 1 1 1 1 2 0 0 94 94 0 282 282 0 188 188 0 0 94 1 0 0 0 94 1128 1034 846 0 0 94 94 0 94 94 94 94 94 94 94 0 94 0 94 1 0 0 1 0 0 0 1 1 0 0 1 1 1 1 0 0 0 0 0 0 0 0 0 0 0 0 0 1 0 0 1 1 1 1 0 0 94 94 1 0 0 0 0 94 94 94 0 0 0 0 0 0 0 0 0 0 0 0 94 0 94 94 94 0 0 0 94 0 0 94 0 94 1 0 0 0 0 0 0 1 0 0 0 0 1 0 0 0 0 0 1 0 0 0 0 0 0 0 0 1 0 1 1 
224:/home/lalitmee/.luarocks/share/lua/5.1/busted/outputHandlers/utfTerminal.lua
1 1 1 1 1 1 1 1 1 1 1 1 0 1 0 0 1 1 1 1 0 1 1 1 0 1 1 0 0 0 0 0 1 0 0 0 1 0 0 0 0 1 0 19 1 0 0 0 0 0 0 1 1 1 1 0 0 0 0 0 0 0 0 0 0 0 0 0 0 0 0 0 1 0 0 0 0 0 0 0 0 0 0 0 0 1 0 0 0 0 0 0 0 0 0 0 0 0 0 0 0 0 0 0 0 0 0 0 0 0 0 1 0 0 1 1 1 1 0 1 1 1 1 1 0 1 0 1 0 0 0 1 1 0 0 0 0 1 1 0 0 0 0 1 1 0 0 0 0 1 0 1 1 1 1 1 1 0 0 94 94 0 94 0 94 0 94 0 0 0 94 94 0 0 94 1 0 0 1 1 1 0 1 1 0 0 1 1 0 1 0 0 0 0 1 0 0 0 0 1 0 0 0 0 1 1 0 0 0 0 0 0 1 0 1 1 1 1 1 1 1 0 1 1 
221:/home/lalitmee/.luarocks/share/lua/5.1/busted/runner.lua
0 0 0 0 0 0 0 0 0 0 0 0 0 0 0 0 0 0 0 0 0 0 0 0 0 0 0 0 0 0 0 0 0 0 0 0 0 0 0 0 0 0 0 0 0 0 0 0 0 0 0 0 0 0 0 0 0 0 0 1 0 0 0 0 0 0 1 0 0 0 0 1 0 0 0 0 0 1 1 0 0 1 1 0 0 0 1 1 0 0 0 0 0 1 1 1 0 2 0 0 1 0 2 0 0 1 0 2 0 0 0 1 0 2 0 0 0 0 0 0 0 1 0 0 1 1 1 0 0 2 1 1 1 1 1 1 1 0 0 0 1 0 0 1 2 1 1 1 0 1 0 0 0 0 0 0 0 0 0 0 0 0 0 0 0 0 0 1 0 1 0 0 0 0 0 0 0 0 0 2 1 1 1 1 1 1 1 1 1 0 0 1 0 1 1 1 2 1 1 1 1 0 0 0 0 0 0 1 1 2 1 1 1 0 0 1 0 1 0 0 1 
42:/home/lalitmee/.luarocks/share/lua/5.1/busted/status.lua
0 840 840 840 840 840 840 840 840 0 840 0 0 0 746 746 1165 746 746 746 0 0 0 746 0 0 0 746 0 0 0 94 94 94 0 840 0 0 1492 746 934 746 
35:/home/lalitmee/.luarocks/share/lua/5.1/busted/utils.lua
0 0 0 2 2 10 8 8 0 0 2 0 0 0 0 0 0 0 0 0 0 0 0 0 0 0 1 1 1 1 1 5 4 0 1 
32:/home/lalitmee/.luarocks/share/lua/5.1/cliargs.lua
0 0 1 1 0 1 0 1 1 1 0 0 1 0 1 1 0 0 0 1 85 84 14 0 0 0 1 2 0 1 0 1 
556:/home/lalitmee/.luarocks/share/lua/5.1/cliargs/core.lua
0 0 0 0 0 0 0 0 0 0 0 0 0 0 0 0 0 2 2 0 0 0 0 0 0 0 0 0 0 0 0 0 0 1 1 1 0 1 1 0 2 0 0 0 0 0 0 2 0 0 0 2 2 0 2 0 0 0 0 2 0 0 0 2 0 0 0 0 2 2 2 2 2 2 2 2 2 2 0 0 2 3 0 0 0 0 0 0 0 0 0 0 0 0 0 0 0 0 0 0 0 0 0 0 0 0 0 0 0 0 0 0 0 0 0 0 1 0 0 0 0 0 0 0 0 1 1 0 1 1 0 0 1 0 0 0 1 0 0 0 0 0 0 0 0 0 0 0 0 0 1 0 1 0 1 0 0 0 0 0 0 0 0 0 0 0 0 0 1 0 0 0 0 0 0 0 0 0 0 0 0 0 0 0 0 0 1 0 0 0 0 0 0 0 0 0 1 0 0 0 0 0 0 0 0 0 0 0 0 0 0 0 0 0 0 0 1 0 0 0 0 0 0 0 0 0 0 0 1 0 0 0 0 0 0 0 0 0 0 0 0 0 0 0 0 0 0 0 0 0 0 0 0 0 0 0 0 0 0 0 0 0 0 0 0 1 0 0 0 0 0 0 0 0 0 0 0 0 0 0 0 0 0 0 0 0 1 0 0 0 0 0 0 0 0 0 0 0 0 0 0 0 0 0 0 0 0 0 0 0 0 0 0 0 0 0 0 0 0 0 0 0 0 0 0 0 0 0 0 0 0 0 0 0 0 0 1 0 0 0 0 0 0 0 0 0 0 0 0 0 0 0 0 0 0 0 0 0 0 0 0 0 0 0 0 0 0 0 0 0 0 0 0 0 0 1 0 0 0 0 0 0 0 0 0 0 0 0 0 0 0 0 0 0 0 0 0 0 0 0 0 0 0 0 0 0 0 0 0 1 0 0 0 0 0 0 0 0 0 0 0 0 0 0 0 0 0 0 0 0 0 1 0 0 0 0 0 0 0 0 0 0 0 0 0 0 0 0 0 0 0 0 0 0 0 0 0 0 0 0 0 0 0 0 0 0 0 0 0 0 1 2 0 0 0 0 4 0 2 0 2 0 2 0 0 0 2 0 2 1 0 0 0 0 0 0 0 0 0 0 0 0 0 0 0 0 1 0 0 0 0 0 0 0 0 1 0 0 0 0 0 0 0 0 0 0 0 0 0 0 0 1 1 1 0 0 0 0 0 1 0 1 0 1 0 1 0 0 0 0 0 1 0 1 0 1 
315:/home/lalitmee/.luarocks/share/lua/5.1/cliargs/parser.lua
0 0 0 0 0 0 0 0 0 0 0 0 0 0 0 0 0 0 0 0 0 0 0 0 0 0 0 1 0 1 0 0 0 0 0 0 0 0 0 0 0 0 0 0 0 0 0 0 0 0 0 0 0 0 0 0 0 0 0 0 0 0 0 0 0 1 0 0 0 0 5 4 0 0 0 0 1 0 0 0 0 1 0 0 1 0 0 0 0 1 1 1 1 0 0 0 0 1 0 1 0 1 0 0 0 0 0 0 0 0 0 0 0 0 0 0 0 0 0 0 0 0 0 0 0 0 0 0 0 0 0 0 0 0 0 0 0 0 0 0 0 0 0 0 0 0 0 0 0 0 0 0 0 0 0 0 0 0 0 0 0 0 0 0 0 0 0 0 0 0 0 0 0 0 0 0 0 0 0 0 0 0 0 0 0 0 0 0 0 0 0 0 0 0 0 0 0 0 0 0 0 0 0 0 0 0 0 0 0 0 0 0 1 0 0 0 1 1 0 1 1 0 0 1 0 0 0 0 0 0 0 0 0 0 0 0 0 0 1 0 0 0 1 0 2 2 0 2 0 0 0 0 0 2 2 0 0 0 1 0 0 2 2 3 0 3 2 2 0 2 2 0 0 2 0 2 0 2 0 2 0 0 0 0 2 0 0 1 0 0 0 0 2 1 1 0 0 1 0 0 2 2 2 2 2 1 0 0 1 0 1 1 1 1 1 
261:/home/lalitmee/.luarocks/share/lua/5.1/cliargs/printer.lua
0 0 0 0 0 0 0 1 0 1 0 1 0 0 0 0 0 0 0 0 0 0 0 0 0 0 0 0 0 0 0 0 0 0 0 0 0 0 0 0 1 0 0 1 0 0 0 0 0 0 0 0 0 0 0 0 0 0 0 0 0 0 0 0 0 0 0 0 0 0 0 0 0 0 0 0 0 0 0 0 1 0 1 0 0 0 0 0 0 0 0 0 0 0 0 0 0 0 0 0 0 0 0 0 0 0 0 0 0 0 0 0 0 0 0 0 0 0 0 0 0 0 0 0 0 0 0 0 0 0 0 0 0 0 0 0 0 0 0 0 0 0 0 0 0 0 0 0 0 0 0 0 0 0 0 0 0 0 0 0 0 0 0 1 0 1 0 0 0 0 0 0 0 0 0 0 0 0 0 0 0 0 0 0 0 0 0 0 0 0 0 0 0 0 0 0 0 0 0 0 0 0 0 0 0 0 0 0 0 0 0 0 0 0 0 0 0 0 0 0 0 0 0 0 0 0 0 0 0 0 0 0 0 0 0 0 0 0 0 0 0 0 0 0 0 0 0 0 0 1 0 1 0 0 0 0 0 0 1 0 1 
66:/home/lalitmee/.luarocks/share/lua/5.1/cliargs/utils/disect.lua
0 0 0 0 0 0 0 0 0 0 0 0 0 0 0 0 0 0 0 0 0 0 0 0 0 0 0 0 0 0 0 0 2 2 0 0 0 0 0 0 0 2 2 0 0 0 0 2 2 0 0 0 2 0 0 2 0 0 2 2 0 2 0 0 0 2 
10:/home/lalitmee/.luarocks/share/lua/5.1/cliargs/utils/filter.lua
0 4 0 12 8 0 0 0 0 4 
22:/home/lalitmee/.luarocks/share/lua/5.1/cliargs/utils/lookup.lua
0 0 0 0 0 4 3 1 0 0 0 1 0 0 0 1 0 0 0 0 0 2 
21:/home/lalitmee/.luarocks/share/lua/5.1/cliargs/utils/split.lua
0 2 2 2 2 0 4 2 2 0 0 2 2 0 0 2 0 0 0 0 2 
175:/home/lalitmee/.luarocks/share/lua/5.1/luassert/assert.lua
0 0 0 0 0 0 0 0 0 0 0 0 0 0 0 0 0 0 0 0 0 0 0 0 0 0 248 0 248 0 741 493 0 0 248 741 493 245 0 0 0 248 248 0 248 0 0 0 0 0 0 0 0 248 54 0 194 0 0 0 0 0 0 0 0 0 0 0 0 0 0 0 795 493 0 0 302 0 0 0 0 248 0 0 0 0 0 0 0 0 0 0 0 0 0 0 0 0 0 0 0 0 0 0 0 0 0 0 0 0 0 0 0 0 0 0 0 0 0 0 0 0 0 0 0 0 0 0 0 0 0 0 0 1 1 0 0 0 0 0 0 0 0 0 0 0 0 0 0 0 0 0 0 0 0 0 0 0 0 0 0 0 0 0 0 0 126 0 0 0 126 0 0 0 248 
304:/home/lalitmee/.luarocks/share/lua/5.1/luassert/assertions.lua
0 0 0 0 0 0 0 0 0 0 0 0 0 0 0 0 0 0 248 69 0 248 0 0 0 0 0 0 0 0 0 0 0 0 0 0 0 0 0 0 0 0 0 0 0 0 0 0 0 0 0 0 0 0 0 0 0 0 0 0 0 0 0 0 0 0 0 0 0 0 0 0 0 0 0 0 0 0 0 0 0 0 0 0 0 0 0 0 0 0 0 0 0 0 0 0 0 0 0 0 0 0 0 0 0 0 0 0 0 0 0 0 72 72 72 72 0 72 72 72 0 0 0 0 0 0 0 0 0 0 0 0 0 0 0 0 0 0 0 0 0 0 0 0 0 0 0 0 0 0 0 0 0 0 0 0 0 54 54 54 54 54 54 54 54 0 0 0 54 54 54 54 54 54 54 54 0 54 54 0 0 0 0 0 0 0 0 0 0 0 0 0 0 0 0 0 0 0 0 0 0 0 0 0 0 0 0 0 0 0 0 0 0 0 0 0 0 0 0 0 0 0 0 0 0 0 0 0 0 0 0 0 0 0 0 0 0 0 0 0 0 0 0 0 0 0 0 0 0 0 0 0 0 0 0 0 0 0 0 0 0 0 0 0 21 21 21 0 0 0 4 4 4 0 0 0 97 97 97 97 97 0 0 0 0 0 0 0 0 0 0 0 0 0 0 0 0 0 6 42 26 1 0 22 
10:/home/lalitmee/.luarocks/share/lua/5.1/luassert/modifiers.lua
0 0 0 0 176 0 0 0 69 69 
105:/home/lalitmee/.luarocks/share/lua/5.1/luassert/state.lua
0 0 0 0 0 0 0 0 0 0 0 0 0 0 0 0 0 0 0 0 0 0 0 0 0 0 0 0 0 0 0 0 0 0 0 0 0 0 0 0 0 0 0 0 0 0 0 0 0 0 0 0 0 0 0 0 0 0 0 0 0 0 0 0 0 0 0 0 0 0 0 0 0 0 0 0 0 0 0 0 0 0 0 0 0 0 0 0 0 0 0 0 0 0 0 0 0 0 0 0 0 0 1 1 1 
353:/home/lalitmee/.luarocks/share/lua/5.1/luassert/util.lua
0 0 0 0 0 54 0 0 0 0 0 0 0 0 0 0 0 0 0 0 0 0 0 0 0 0 0 0 0 0 0 0 0 0 0 0 0 0 0 0 0 0 0 0 0 0 0 0 0 0 0 0 0 0 0 0 0 0 0 0 0 0 0 0 0 0 0 0 54 54 54 162 108 0 54 0 0 0 0 0 0 0 0 0 0 0 0 0 0 0 0 0 0 0 0 0 0 0 0 0 0 0 0 0 0 0 0 0 0 0 0 0 0 0 0 0 0 0 0 0 0 0 0 0 0 0 0 0 0 0 0 0 0 0 0 0 0 0 0 0 0 0 0 0 0 0 0 0 0 0 0 0 0 0 0 0 0 0 0 0 0 0 0 0 0 0 0 0 0 0 0 0 0 0 0 0 0 0 0 0 0 0 0 0 0 0 0 0 0 0 0 0 0 0 0 0 0 0 0 0 0 0 0 0 0 0 0 0 0 0 0 0 0 194 194 194 194 194 194 0 0 0 0 194 194 0 194 0 0 0 0 0 335 141 0 0 194 194 0 0 0 0 0 0 0 0 0 72 72 0 72 0 0 0 0 0 72 0 144 72 0 0 72 72 72 0 0 0 0 0 0 0 0 0 54 0 0 0 0 0 0 0 0 0 0 0 0 0 0 0 0 0 0 248 248 248 248 496 248 248 248 0 248 248 0 0 0 0 0 0 0 0 248 0 0 248 248 248 741 493 493 0 0 493 493 0 0 0 0 0 0 493 493 493 0 493 0 0 0 248 0 0 0 248 0 0 0 0 0 0 248 248 248 
154:/home/lalitmee/.luarocks/share/lua/5.1/mediator.lua
0 34 0 0 0 34 34 34 34 0 0 0 0 0 34 0 34 34 0 0 0 0 0 25 25 25 25 25 25 0 0 34 34 0 34 0 34 23 23 0 18 0 0 34 0 34 25 0 0 0 0 0 0 0 0 0 0 0 0 25 0 0 0 0 0 0 0 0 25 0 0 25 25 25 0 0 0 25 0 0 912 25 0 0 0 0 0 0 0 0 0 0 0 25 0 0 1862 1020 0 0 1020 0 1020 0 1020 1020 0 0 0 842 561 0 281 0 25 25 0 0 0 0 0 0 0 0 0 0 0 0 0 0 0 459 0 1371 912 0 0 459 0 0 0 34 0 0 0 0 0 0 0 0 0 0 0 425 
565:/home/lalitmee/.luarocks/share/lua/5.1/pl/List.lua
0 0 0 0 0 0 0 0 0 0 0 0 0 0 0 0 0 0 0 0 1 1 1 1 1 1 1 0 1 1 0 0 1 1 0 1 0 1 0 0 0 0 0 0 0 0 1 0 0 0 1 0 1 0 1 0 1 0 0 0 0 0 0 1 0 0 0 0 0 0 0 0 0 0 0 0 1 0 0 0 0 1 0 0 0 1 0 0 0 0 1 0 0 1 0 1 0 0 0 0 0 1 0 0 0 1 0 0 0 0 0 0 1 0 0 0 1 0 0 0 0 1 0 1 0 0 0 0 0 1 0 0 0 1 0 0 0 0 0 0 0 1 0 0 0 0 1 0 0 0 0 0 0 1 0 0 0 1 0 1 0 0 0 0 0 0 0 0 1 1 0 0 0 0 1 0 1 0 0 0 0 1 0 0 0 0 0 1 0 0 0 0 1 0 0 0 1 0 0 0 0 1 0 1 0 0 0 1 0 0 0 0 0 0 0 1 0 0 0 0 1 0 0 0 0 0 0 0 1 0 0 0 0 0 0 0 0 1 0 1 0 0 0 1 0 0 1 0 1 0 0 0 0 0 0 0 0 0 0 0 1 0 0 0 0 0 0 0 0 0 0 0 0 0 0 0 1 0 0 1 0 1 0 0 0 0 0 0 0 0 1 0 1 0 0 0 0 0 0 0 1 0 0 0 0 0 0 0 0 1 0 0 0 0 0 0 1 0 0 0 0 0 0 1 0 0 0 0 0 1 0 0 0 0 1 0 0 0 0 0 1 0 0 0 0 0 1 0 0 0 0 0 1 0 0 0 1 0 0 0 0 0 0 1 0 0 0 0 0 0 0 1 0 0 0 0 1 0 1 0 0 0 0 1 0 0 0 0 1 0 0 0 0 0 1 0 0 0 0 1 0 0 0 0 0 1 0 0 0 0 0 1 0 1 0 0 0 0 0 0 1 0 0 1 0 0 0 0 0 0 0 0 1 0 1 0 0 0 0 0 0 1 0 0 1 0 0 0 0 0 0 0 0 1 0 1 0 0 0 0 0 0 0 1 0 0 0 0 0 0 0 1 0 0 0 0 0 1 0 1 0 0 0 0 0 0 0 0 0 0 0 1 0 1 0 0 0 0 0 1 0 1 0 0 0 0 0 0 0 0 1 0 0 0 0 0 0 0 0 0 0 1 0 0 1 0 1 0 0 0 0 0 0 0 1 0 0 0 0 0 0 0 0 0 0 0 0 0 0 0 0 0 0 0 0 0 0 0 0 0 0 1 1 0 1 
218:/home/lalitmee/.luarocks/share/lua/5.1/pl/class.lua
0 0 0 0 0 0 0 0 0 0 0 0 0 0 0 0 0 0 0 0 0 0 0 0 0 0 0 0 0 0 0 0 0 0 0 0 0 0 0 0 0 0 0 0 0 0 0 0 0 0 0 0 0 0 0 0 0 0 0 0 0 0 0 0 0 0 0 0 0 0 0 0 0 0 0 0 0 0 0 0 0 0 0 0 0 0 0 0 0 0 0 0 0 0 0 0 0 0 0 0 0 0 0 0 0 0 0 0 0 0 0 0 0 0 0 0 0 0 0 0 0 0 0 0 0 0 0 0 0 0 1 0 1 1 0 0 0 1 0 0 1 0 0 0 0 0 0 1 0 0 0 1 1 1 1 1 0 0 1 0 0 0 0 0 0 0 0 0 0 0 0 0 0 0 0 0 0 0 0 0 0 0 1 0 0 0 0 0 0 0 0 1 1 1 1 1 0 1 1 0 0 1 0 0 0 0 0 0 0 0 0 0 0 0 0 0 0 1 
527:/home/lalitmee/.luarocks/share/lua/5.1/pl/dir.lua
0 0 0 0 0 0 0 1 1 1 1 1 1 1 1 1 1 1 0 1 1 0 1 0 0 1 1 0 0 1 2 0 0 13 13 1 0 0 0 0 0 0 0 0 0 0 1 0 0 0 1 0 0 0 0 0 0 1 0 0 0 0 0 0 0 0 1 0 0 0 0 0 0 0 0 0 0 0 0 0 0 1 0 0 0 0 0 0 1 0 0 0 0 0 0 0 0 0 0 0 1 0 0 0 0 0 1 0 0 0 1 0 1 0 0 0 0 0 0 0 0 0 0 0 0 0 0 1 0 0 0 0 0 0 0 0 0 0 0 0 0 0 0 0 0 0 0 0 0 0 0 0 0 0 0 0 0 0 0 0 0 0 0 0 0 0 0 0 0 0 0 0 0 0 0 0 0 0 0 0 0 0 0 0 0 1 0 0 0 1 0 0 0 0 0 0 0 0 0 0 0 0 0 0 0 0 0 0 0 0 0 0 0 0 0 0 0 0 0 0 0 0 0 0 0 0 0 0 0 0 0 1 0 0 0 0 0 0 0 1 0 0 0 0 1 0 0 0 0 0 0 1 0 0 0 1 0 0 0 0 0 0 0 0 0 0 0 0 0 0 0 0 1 0 0 0 0 0 0 0 0 0 0 0 0 0 0 0 1 0 0 0 0 0 0 0 0 0 0 0 0 0 0 0 0 0 0 0 0 0 0 0 0 0 0 0 0 0 1 0 0 0 0 0 0 0 1 0 0 0 0 0 0 0 0 0 0 0 0 0 0 0 0 0 0 0 0 0 0 0 0 1 0 0 0 1 1 0 0 1 0 0 1 0 0 0 0 0 0 0 0 0 0 0 0 0 0 0 1 0 0 0 0 0 0 1 0 0 0 0 0 2 0 0 0 0 0 0 0 0 0 0 0 0 0 0 1 0 0 0 0 0 0 0 0 0 0 0 0 0 0 0 0 0 0 0 0 0 0 0 0 0 0 0 0 0 0 0 0 0 0 0 0 0 0 0 0 0 1 0 0 0 0 0 0 0 41 41 1 0 0 40 40 40 7 7 0 0 33 19 19 19 19 6 0 19 0 0 0 14 1 0 0 0 0 0 0 1 1 0 1 1 0 0 0 1 0 1 1 0 0 0 0 0 0 0 0 1 1 1 1 0 1 1 20 19 13 13 13 0 0 0 0 1 1 0 1 
451:/home/lalitmee/.luarocks/share/lua/5.1/pl/path.lua
0 0 0 0 0 0 0 0 0 0 0 0 0 0 0 0 0 0 0 0 0 0 0 0 0 0 0 0 0 0 0 0 0 0 0 0 0 0 0 0 0 0 0 0 0 0 0 0 0 0 0 0 0 0 0 0 0 0 0 0 0 0 0 0 0 0 0 0 0 0 0 0 0 0 0 0 0 0 0 0 0 0 0 0 0 0 0 0 0 0 0 0 0 0 0 0 0 0 0 0 0 0 0 0 0 0 0 0 0 0 0 0 0 0 0 0 0 0 0 0 0 0 21 21 0 0 0 0 0 1 1 0 0 0 0 0 0 0 0 0 0 0 0 0 0 0 0 0 0 0 0 0 0 0 0 19 19 0 0 0 0 0 0 0 0 0 0 0 0 0 0 0 0 0 0 0 0 0 0 0 0 0 4200 0 0 0 0 0 0 0 0 0 0 0 0 0 0 0 0 0 0 0 0 0 0 0 0 0 0 0 0 0 0 0 0 0 0 0 0 0 0 0 0 0 0 0 0 0 0 0 0 291 291 291 4179 3888 3888 0 291 0 0 291 0 0 0 0 0 0 0 0 0 0 0 0 0 0 0 0 0 0 0 0 0 0 0 0 0 0 0 0 0 0 0 0 0 0 0 5 5 5 20 15 0 0 15 15 0 5 0 0 5 0 0 0 0 0 0 0 0 0 0 0 278 278 278 0 0 0 0 0 0 0 0 0 0 13 13 13 0 0 0 0 0 0 0 0 0 0 5 5 5 0 0 0 0 0 0 0 0 0 0 0 0 0 0 0 0 0 0 0 0 0 0 0 0 0 0 0 0 0 0 0 0 0 0 0 0 0 0 0 0 0 0 0 0 0 0 0 0 0 0 0 0 0 0 0 0 0 0 0 0 0 26 26 0 0 26 0 0 0 0 0 0 0 0 0 1 0 1 1 0 0 0 0 0 0 0 0 0 0 0 0 0 0 0 0 0 0 1 0 0 1 0 0 0 0 1 4 3 0 0 0 0 0 3 2 0 0 1 1 1 
889:/home/lalitmee/.luarocks/share/lua/5.1/pl/tablex.lua
0 0 0 0 0 0 0 0 0 0 0 0 0 0 0 0 0 0 0 0 0 2 2 0 0 0 0 0 0 0 0 0 0 0 0 0 0 0 2 0 0 2 0 0 6 0 0 6 0 0 0 0 0 0 0 0 0 0 0 0 0 0 0 0 0 0 0 0 0 0 0 0 0 0 0 0 0 0 0 0 0 0 0 0 0 0 0 0 0 6 6 436 430 0 6 0 0 0 0 0 0 0 0 0 0 0 0 0 0 0 0 0 0 0 0 0 0 0 0 0 0 0 0 0 0 0 0 0 0 0 0 0 0 0 0 0 0 0 0 0 0 0 0 0 0 0 0 0 0 0 0 0 0 0 0 0 0 0 0 0 0 0 0 0 0 0 0 0 0 0 0 0 0 0 0 0 0 0 0 0 0 0 0 0 0 0 0 0 0 0 0 0 0 0 0 0 0 0 0 0 0 0 0 0 0 0 0 0 0 0 0 0 0 0 0 0 0 0 0 0 0 0 0 0 0 0 0 0 0 0 0 0 0 0 0 0 0 0 0 0 0 0 0 0 0 0 0 0 0 0 0 0 0 0 0 0 0 0 0 0 0 0 0 0 0 0 0 0 0 0 0 0 0 0 0 0 0 0 0 0 0 0 0 0 0 0 0 0 0 0 0 0 0 0 0 0 0 0 0 0 0 0 0 0 0 0 0 0 0 0 0 0 0 0 0 0 0 0 0 0 0 0 0 0 0 0 0 0 0 0 0 0 0 0 0 0 0 0 0 0 0 0 0 0 0 0 0 0 0 0 0 0 0 0 0 0 0 0 0 0 0 0 0 0 0 0 0 0 0 0 0 0 0 0 0 0 0 0 0 0 0 0 0 0 0 0 0 0 0 0 0 0 0 0 0 0 0 0 0 0 0 0 0 0 0 0 0 0 0 0 0 0 0 0 0 0 0 0 0 0 0 0 0 0 0 0 0 0 0 0 0 0 0 0 0 0 0 0 0 0 0 0 0 0 0 0 0 0 0 0 0 0 0 0 0 0 0 0 0 0 0 0 0 0 0 0 0 0 0 0 0 0 0 0 0 0 0 0 0 0 0 0 0 0 0 0 0 0 0 0 0 0 0 0 0 0 0 0 0 0 0 0 0 0 0 0 0 0 0 0 0 0 0 0 0 0 0 0 0 0 0 0 0 0 0 0 0 0 0 0 0 0 0 0 0 0 0 0 0 0 0 0 0 0 0 0 0 0 0 0 0 0 0 0 0 0 0 0 0 0 0 0 0 0 0 0 0 0 0 0 0 0 0 0 0 0 0 0 0 0 0 0 0 0 0 0 0 0 0 0 0 0 0 0 0 0 0 0 0 0 0 0 0 0 0 0 0 0 0 0 0 0 0 0 0 0 0 0 0 0 0 0 0 0 0 0 0 0 0 0 0 0 0 0 0 0 0 0 0 0 0 0 0 0 0 0 0 0 0 0 0 0 0 0 0 0 0 0 0 0 0 0 0 0 0 0 0 0 0 0 0 0 0 0 0 0 0 0 0 0 0 0 0 0 0 0 0 0 0 0 0 0 0 0 0 0 0 0 0 0 0 0 0 0 0 0 0 0 0 0 0 0 0 0 0 0 0 0 0 0 0 0 0 0 2 2 2 20 18 18 10 10 0 0 2 0 0 0 0 0 0 0 0 0 0 0 0 0 0 0 0 0 0 0 0 0 0 0 0 0 0 0 0 0 0 0 0 0 0 0 0 0 0 0 0 0 0 0 0 0 0 0 0 0 0 0 0 0 0 0 0 0 0 0 0 0 0 0 0 0 0 0 0 0 0 0 0 0 0 0 0 0 0 0 0 0 0 0 0 0 0 0 0 0 0 0 0 0 0 0 0 0 0 0 0 0 0 0 0 0 0 0 0 0 0 0 0 0 0 0 0 0 0 0 0 0 0 0 0 0 0 0 0 0 0 0 0 0 0 0 0 0 1 1 1 1 0 0 0 1 1 0 0 1 6 5 0 0 1 
115:/home/lalitmee/.luarocks/share/lua/5.1/pl/types.lua
0 0 0 0 0 0 0 0 0 0 0 0 0 0 0 0 0 0 0 0 0 0 0 0 0 0 0 0 0 0 0 0 0 0 0 0 0 0 0 0 0 0 0 0 0 0 0 0 0 0 0 0 0 0 0 0 0 0 0 0 0 0 0 0 0 0 0 0 0 0 0 0 0 0 0 0 0 0 0 0 0 0 0 0 8 0 0 0 0 0 0 0 0 0 0 0 0 0 2 2 0 0 0 0 0 0 0 0 0 0 0 0 0 6 6 
691:/home/lalitmee/.luarocks/share/lua/5.1/pl/utils.lua
0 0 0 0 0 0 0 0 0 0 0 0 0 0 0 0 0 0 0 0 0 0 0 0 0 0 0 0 0 0 0 0 0 0 0 0 0 0 0 0 0 0 0 0 0 0 0 0 0 0 0 0 0 0 0 0 0 0 0 0 0 0 0 0 0 0 0 0 0 0 0 0 0 0 0 0 0 0 0 0 0 0 0 0 0 0 0 0 0 0 0 0 0 0 0 0 0 0 0 0 0 0 0 0 0 0 0 0 0 0 0 0 0 0 0 0 0 0 0 0 0 0 0 0 0 0 0 0 0 0 0 0 0 0 0 0 0 0 0 0 0 0 0 0 0 0 0 0 0 0 0 0 0 0 0 0 0 0 0 0 0 0 0 0 0 0 0 0 0 0 0 0 0 0 0 0 0 0 0 0 0 0 0 0 0 0 0 0 0 0 0 0 0 0 0 0 0 0 0 0 0 0 0 0 0 0 0 0 0 0 0 0 0 0 0 0 0 0 0 0 0 0 0 0 0 0 0 0 0 0 0 0 0 0 0 0 0 0 0 0 0 0 0 0 0 0 0 0 0 0 0 0 0 0 0 0 0 0 0 0 0 0 0 0 0 0 0 0 0 0 0 0 0 0 0 0 0 0 0 0 0 0 0 0 0 0 0 0 0 677 0 0 677 0 0 677 0 0 0 0 0 0 0 0 0 0 0 0 0 0 0 0 0 0 0 0 0 0 0 0 0 0 0 0 0 0 0 0 0 0 0 0 0 0 0 0 0 0 0 0 0 0 0 0 0 0 0 0 0 0 0 0 0 0 0 0 0 0 0 0 0 0 0 0 0 0 0 0 0 0 0 0 0 0 0 0 0 0 0 0 0 0 0 0 0 0 0 0 0 0 0 0 0 0 0 0 0 0 0 0 0 0 0 0 0 0 0 0 0 0 0 0 0 0 0 0 0 0 0 0 0 0 0 0 0 0 0 0 0 0 0 0 0 0 2 2 2 0 0 0 0 0 0 0 0 0 0 0 0 0 0 0 0 0 0 0 0 0 0 0 0 0 0 0 0 0 0 0 0 0 0 0 0 0 673 0 0 0 0 0 0 0 0 0 0 0 0 0 0 0 0 0 0 0 0 0 0 0 0 0 0 0 0 0 0 0 0 0 0 0 0 0 0 0 0 0 0 0 0 0 0 0 0 0 0 0 0 0 0 0 0 0 0 0 0 0 0 0 0 0 0 0 0 0 0 0 0 0 0 0 0 0 0 0 0 0 0 0 0 0 0 0 0 0 0 0 0 0 0 0 0 0 0 0 0 0 0 0 0 0 0 0 0 0 0 0 0 0 0 0 0 0 0 0 0 0 0 0 0 0 0 0 0 0 0 0 0 0 0 0 0 0 0 0 0 0 0 0 0 0 0 0 0 0 0 0 0 0 0 0 0 0 0 0 0 0 0 0 0 0 0 0 0 0 0 0 0 0 0 0 0 0 0 0 0 0 0 0 0 0 0 0 0 0 0 0 0 0 0 0 0 0 0 0 0 0 0 0 0 0 0 0 0 0 0 0 0 0 0 13 13 
52:/home/lalitmee/.luarocks/share/lua/5.1/say/init.lua
0 0 0 0 0 0 0 0 0 0 0 0 0 1 1 0 0 1 0 0 0 0 0 0 0 0 0 19 19 0 0 0 0 134 0 0 134 134 0 134 0 134 0 0 134 134 0 566 432 0 0 134 
84:/usr/share/lua/5.1/luarocks/core/dir.lua
0 0 0 0 0 0 0 530 530 530 0 0 530 0 0 0 0 0 0 0 0 0 0 0 0 159 159 0 0 477 318 0 159 0 0 0 0 0 0 0 0 212 0 212 212 212 212 212 0 212 0 0 0 0 0 0 0 0 212 212 212 212 212 0 0 795 583 0 0 0 0 0 0 583 583 0 0 212 212 212 0 212 212 212 
83:/usr/share/lua/5.1/luarocks/core/manif.lua
0 0 0 0 0 0 0 0 0 0 0 0 0 0 0 0 0 0 0 0 0 0 0 0 0 0 0 0 0 0 0 0 106 106 0 0 0 0 0 0 0 0 0 0 53 53 53 0 0 0 0 0 0 0 0 0 0 0 106 0 106 106 53 0 0 53 53 0 0 0 53 106 106 106 53 0 159 53 0 0 0 11 11 
147:/usr/share/lua/5.1/luarocks/core/path.lua
0 0 0 0 0 0 0 0 0 0 106 0 0 106 106 0 0 0 0 0 0 0 0 0 0 0 0 0 0 0 0 0 0 0 0 0 0 0 0 0 0 0 0 0 11 0 11 11 11 0 0 0 0 0 0 0 0 0 0 0 0 0 11 11 11 0 0 0 0 0 0 0 0 0 0 0 0 0 0 0 0 0 0 0 0 0 0 0 0 0 0 0 0 0 0 0 0 0 0 0 0 0 0 0 0 0 0 0 0 0 0 0 212 212 0 0 0 0 0 0 0 0 0 0 0 0 0 0 53 53 53 0 0 53 53 0 0 159 106 53 0 106 106 0 0 0 53 
75:/usr/share/lua/5.1/luarocks/core/persist.lua
0 0 0 0 0 0 0 0 0 0 0 0 0 53 53 53 0 0 0 0 0 0 0 0 0 0 0 0 0 0 0 0 0 0 0 0 0 0 0 0 0 0 0 0 0 0 0 0 0 0 0 0 0 0 0 0 53 53 0 53 53 53 0 0 53 0 53 53 0 53 0 53 0 53 53 
219:/usr/share/lua/5.1/luarocks/loader.lua
0 0 0 0 0 0 0 0 0 0 0 0 0 0 0 0 0 0 0 0 0 0 0 0 0 0 0 0 0 0 0 0 0 0 0 0 0 0 0 0 0 0 0 0 0 0 0 0 0 0 0 0 0 0 0 0 0 0 0 0 0 0 0 0 11 0 0 0 0 0 0 11 11 0 0 0 11 0 0 0 0 0 0 0 0 0 0 0 0 0 0 0 0 0 0 0 0 0 0 0 0 33 33 22 22 11 0 0 0 0 0 0 0 11 11 11 11 0 0 11 11 11 0 0 0 0 0 0 0 0 0 0 0 0 0 0 0 0 0 0 0 0 0 0 42 42 0 0 0 42 42 73 42 42 11 11 11 0 0 31 31 31 0 0 0 0 0 0 0 0 31 0 0 0 0 31 0 0 0 0 0 0 0 0 0 0 84 11 0 0 11 42 0 0 0 0 0 0 0 0 0 0 0 0 0 0 0 0 0 0 0 0 0 42 42 31 0 11 11 
210:lua/codecompanion/_extensions/spinner/config.lua
0 0 0 0 4 0 0 0 4 0 0 4 0 0 4 0 0 0 4 0 4 4 4 4 4 0 0 4 4 0 0 4 4 4 0 0 4 4 4 4 4 0 0 4 4 0 4 4 4 4 4 4 4 4 4 4 0 4 4 0 4 0 4 0 4 4 0 4 4 4 4 4 4 4 4 4 4 4 4 4 0 0 0 0 4 4 4 0 0 4 0 0 0 12917 5761 0 0 7156 0 17929 10773 0 0 31792 24636 1824 0 22812 0 0 7156 4 0 0 0 4 160 0 160 0 160 160 160 0 0 160 2 0 0 160 164 0 0 0 4 120 124 0 0 0 4 2069 4 0 0 0 0 0 4 2023 4 0 0 0 0 4 222 0 0 0 0 222 222 222 222 222 222 222 0 222 222 1 0 221 453 449 217 217 0 0 221 4 0 0 0 217 1 0 0 216 4 0 0 0 4 0 0 15750 11200 0 4550 20125 15575 0 4550 175 175 179 0 4 
52:lua/codecompanion/_extensions/spinner/init.lua
0 1 0 0 0 1 0 40 40 0 0 40 1 0 0 0 39 39 39 0 0 0 0 0 0 0 0 0 39 39 0 0 0 78 0 0 0 0 0 0 0 0 0 0 39 40 0 0 0 0 0 1 
139:lua/codecompanion/_extensions/spinner/styles/cursor-relative.lua
0 3 0 3 3 0 0 3 0 3 3 3 3 3 0 0 0 2 2 0 2 2 2 0 4 2 2 2 2 2 2 2 0 0 2 0 0 4 2 2 2 0 0 2 3 0 3 2 0 0 0 2 2 2 0 2 2 4 2 2 4 0 0 0 0 0 0 0 0 0 0 0 0 0 0 0 0 0 0 0 0 0 0 0 0 0 0 0 0 0 0 0 0 0 0 0 0 0 0 2 0 5 0 3 0 0 0 0 0 0 0 0 0 0 0 0 0 0 0 0 3 0 0 0 0 3 1009 2 1007 0 0 1012 0 0 3 0 18 0 3 
95:lua/codecompanion/_extensions/spinner/styles/fidget.lua
0 0 0 0 2 0 2 2 0 0 2 0 0 2 0 0 0 0 0 0 0 0 0 0 0 0 0 0 0 0 0 0 0 0 0 2 0 0 0 0 2 0 0 0 0 0 0 0 0 0 0 0 0 0 0 0 0 0 0 0 0 0 0 0 0 0 0 0 0 0 0 0 0 0 0 0 0 0 0 2 0 0 2 0 3 3 0 0 0 0 0 0 5 0 2 
147:lua/codecompanion/_extensions/spinner/styles/heirline.lua
0 0 0 3 0 3 3 3 0 3 3 3 3 3 3 3 3 3 3 0 3 3 0 0 0 0 0 0 0 0 0 0 0 0 0 0 0 0 0 0 0 0 0 0 0 0 0 0 0 0 0 0 0 0 0 0 0 0 3 0 0 3 0 4 4 0 0 0 0 0 0 0 0 4 0 0 8 4 4 0 0 4 0 7 0 0 3 0 0 0 0 0 0 0 0 0 0 0 3 0 0 0 3 501 501 501 501 501 501 0 500 1001 501 501 501 0 0 0 0 501 501 0 0 501 0 500 0 0 0 0 0 0 0 0 500 0 501 0 501 501 501 501 501 501 3 0 3 
109:lua/codecompanion/_extensions/spinner/styles/lualine.lua
0 0 0 3 0 3 3 3 0 3 3 3 3 3 3 3 3 3 3 0 3 3 0 0 0 0 0 0 0 0 0 0 0 0 0 0 0 0 0 0 0 0 0 0 0 0 0 0 0 0 0 0 0 0 0 0 0 0 3 0 0 3 0 6 6 4 2 2 2 0 2 0 0 4 0 0 8 4 4 0 0 4 0 7 0 0 0 3 502 0 500 0 0 0 0 0 0 0 0 500 0 502 0 0 502 502 3 0 3 
229:lua/codecompanion/_extensions/spinner/styles/native.lua
0 0 0 0 0 2 0 2 2 0 0 2 0 0 2 2 2 2 2 2 2 0 0 2 2 2 0 0 0 0 0 1 1 0 1 0 0 0 1 0 2 0 0 1 1 0 0 1 0 0 1 0 2 0 0 1 0 0 0 0 1 1 1 0 1 1 1 0 1 0 0 1 3 0 0 0 0 0 0 0 0 0 0 0 0 0 0 0 0 0 0 0 0 0 2 0 0 1 0 0 0 0 1 0 0 1 1 0 0 2 1 1 1 1 1 1 1 1 1 1 1 1 0 0 1 0 0 1 1 0 0 0 0 0 1 2 1 1 2 0 1 0 3 0 0 0 0 2 0 3 3 0 3 0 1 1 1 1 0 1 1 1 1 1 0 1 1 0 1 1 1 2 1 1 0 3 0 0 0 0 0 2 1 0 0 0 0 0 3 3 1 0 1 0 0 0 0 0 0 0 5 0 0 2 0 2 0 0 2 0 2 2 0 0 0 0 0 0 2 0 0 0 0 0 0 0 4 0 2 
104:lua/codecompanion/_extensions/spinner/styles/snacks.lua
0 0 0 0 0 3 0 3 3 0 0 3 0 3 0 0 1005 1005 1005 1 0 1004 0 1004 1004 0 0 0 0 0 0 0 0 0 0 1004 1004 1004 1004 0 0 0 0 1004 1004 1004 1004 0 0 1004 0 0 0 1004 1004 1004 0 0 0 1004 0 0 0 0 0 0 1004 1007 0 0 0 0 3 1005 0 0 0 1005 1005 1005 0 0 0 1005 1005 0 0 0 1008 0 0 3 0 16 16 0 0 0 0 0 0 19 0 3 
179:lua/codecompanion/_extensions/spinner/tracker.lua
0 0 0 0 0 4 0 0 0 4 4 4 4 4 4 4 4 0 0 4 4 4 4 4 4 4 4 0 0 4 4 4 4 4 4 4 4 0 0 4 4 4 4 4 4 0 0 0 4 0 0 0 0 45912 106 0 45806 121 0 45685 22926 406 0 22520 0 22759 6 0 22753 4 0 0 0 0 22940 1 0 0 22939 0 0 22939 22939 11259 11680 53 11627 11253 11253 374 57 317 53 53 53 53 264 53 53 211 53 158 0 158 51 107 1 106 0 0 0 0 0 0 0 0 22939 0 0 22939 22731 0 22943 0 0 0 4 74 0 0 0 74 0 74 74 74 74 74 74 74 74 74 74 0 74 0 74 148 74 74 0 0 74 0 78 0 0 0 4 37 37 37 37 37 41 0 0 0 4 34 4 0 0 0 4 22940 22944 0 4 
129:tests/helpers/test_env.lua
0 1 0 1 1 0 0 0 0 1 19 18 17 0 0 0 0 1 0 0 1 1 1 1 0 0 1 0 1 2 0 0 0 0 0 0 0 0 0 0 0 0 1 0 0 0 4 4 4 0 0 4 1 0 0 1 1 1 1 3 1 0 4 0 5 0 0 0 0 1 0 0 0 0 0 0 0 1 0 0 0 0 0 0 1 0 0 0 0 0 0 0 1 0 0 0 0 0 0 0 0 0 0 0 0 0 0 1 0 0 0 0 0 0 0 0 0 0 0 0 0 0 0 0 0 0 1 0 1 
242:tests/integration/extension_spec.lua
1 0 2 1 0 2 19 20 0 2 2 2 1 2 2 0 2 1 1 1 0 0 2 1 2 0 0 1 1 1 2 0 2 1 1 0 0 0 2 1 2 0 1 1 2 0 2 2 1 2 0 1 1 2 0 2 2 1 2 0 1 1 2 2 0 2 2 1 0 0 1 2 0 2 1 0 6 5 10 5 15 0 2 0 2 2 1 2 2 0 2 0 1 1 5 0 0 5 1 0 2 1 2 0 0 1 2 2 0 2 2 1 0 0 2 0 2 1 0 2 2 0 2 1 0 2 2 1 0 2 1 0 2 1 0 2 2 0 2 1 0 2 2 1 0 2 2 2 0 2 2 2 1 1 0 0 0 2 1 0 0 0 1 1 1 2 2 0 2 2 0 1 1 0 2 1 2 0 0 1 2 0 2 1 1 1 0 0 2 1 2 0 0 1 1 2 0 2 2 1 1 1 2 2 2 0 2 2 1 0 0 2 2 1 0 2 1 0 2 2 2 0 2 2 11 20 10 20 0 2 0 2 1 0 7 12 6 18 0 2 2 3 
257:tests/integration/spinner_styles_spec.lua
2 1 0 2 24 25 0 2 2 1 1 1 1 2 0 2 1 1 1 1 2 0 2 1 1 1 1 2 0 2 1 1 1 1 2 0 2 1 1 1 1 2 0 2 1 1 1 1 2 2 0 2 2 1 2 1 2 2 0 2 1 2 1 2 2 0 2 1 2 1 2 2 0 2 1 2 1 2 2 0 2 0 1 1 0 1 2 1 2 0 0 1 2 2 0 2 2 1 1 1 1 0 1 0 5 4 4 4 0 2 0 2 1 1 1 1 0 1 0 4 3 6 3 9 0 2 0 2 1 2 1 1 1 2 2 2 0 2 2 1 2 1 1 1 2 2 0 2 1 2 1 1 1 2 2 0 2 0 1 1 0 1 2 1 1 2 0 0 1 2 2 0 2 2 1 0 2 1 1 1 2 2 0 2 1 1 0 2 1 1 2 2 0 2 1 1 0 2 1 1 2 2 2 0 2 2 2 1 1 1 1 0 0 1 2 1 2 2 0 2 2 1 1 1 0 0 1 2 1 2 2 2 0 2 2 1 1 1 1 0 1 2 1 2 0 0 1 2 0 2 1 2 1 2 2 2 3 
10:tests/minimal_init.lua
0 1 0 0 1 0 1 1 1 1 
138:tests/mocks/codecompanion.lua
0 1 0 0 1 1 1 1 1 1 1 1 0 0 1 0 1 1 1 0 0 1 1 1 0 0 1 1 1 1 1 0 0 1 1 0 1 0 0 0 0 0 0 0 0 0 1 0 0 0 0 0 0 1 0 0 1 0 1 1 1 0 1 0 0 1 1 1 0 1 0 0 1 1 1 1 1 1 1 1 0 1 0 0 1 1 0 1 0 0 1 1 1 0 1 0 0 1 1 1 1 1 1 0 1 1 0 0 0 1 1 2 0 0 0 0 0 0 1 0 0 0 0 1 0 0 0 0 0 0 0 0 0 0 0 1 0 1 
274:tests/mocks/neovim_api.lua
0 1 0 0 1 1 1 1 0 0 1 0 82 82 82 82 82 82 82 82 1 0 0 82 82 0 0 82 0 164 82 1 0 164 82 82 82 0 0 0 82 1 0 0 0 1 0 0 7 7 0 7 137 0 130 0 0 0 0 0 0 0 0 0 8 0 0 0 1 0 0 0 1 0 0 0 1 0 0 0 1 0 0 3 1 0 0 0 2 0 0 3 1 0 0 0 4 0 0 2 1 0 0 0 1 0 0 0 1 0 0 0 3 0 0 2 1 0 0 1 1 0 0 0 2 0 0 0 4 1 0 0 1 0 0 1 0 0 0 1 0 0 0 1 0 0 0 1 0 0 0 1 0 0 0 1 0 0 0 1 0 0 0 1 0 0 0 1 1 0 0 1 1 1 1 1 1 0 0 1 1 0 0 1 1 1 0 0 1 1 1 0 0 1 0 16 1 0 0 3 6 4 4 3 1 1 0 0 0 0 1 0 0 0 1 2 0 0 0 0 1 2 0 0 0 1006 1007 0 0 1 1 1 1 1 1 1 1 0 0 1 1 1 1 1 0 0 0 0 1 3 2 2 22 20 0 0 0 1 1 0 0 0 3 1 0 0 0 0 0 0 0 1 0 1 
231:tests/performance_spec.lua
0 1 1 0 2 2 9 9 22709 10 0 2 2 1 0 0 101 100 100 0 0 1 1 0 0 1 2 0 2 1 1 1 1 1 1 1 1 1 1 0 1 0 1 0 0 51 550 500 0 0 0 1 1 0 0 1 2 2 0 2 2 1 1 0 0 0 101 100 100 100 100 100 0 0 1 0 0 11 10 0 0 1 1 0 1 2 0 2 1 0 0 51 50 50 50 50 50 50 50 0 0 1 0 0 51 50 0 0 1 1 0 1 2 2 0 2 2 1 1 1 1 0 1 0 0 1001 1000 1000 0 0 1 1 0 1 2 0 2 1 1 1 1 0 0 1 1 0 1 0 0 501 500 500 0 500 500 0 0 500 500 0 500 500 0 0 0 1 1 0 1 2 2 0 2 2 1 0 0 1001 1000 1000 1000 1000 0 0 1 1 0 1 0 1 2 2 0 2 2 1 0 0 101 0 100 100 100 100 0 0 1 1 0 1 2 2 0 2 2 1 0 0 10001 10000 10000 0 0 1 1 0 0 1 2 2 3 
205:tests/unit/config_spec.lua
1 0 2 2 0 16 17 0 2 2 1 1 1 1 1 2 0 2 1 1 1 1 1 2 0 2 1 1 2 0 2 1 1 1 1 1 1 1 1 1 1 1 1 1 1 0 1 0 15 14 14 14 14 14 0 2 2 0 2 2 1 1 1 1 1 1 1 1 1 0 0 1 1 0 1 1 1 1 0 1 2 0 2 1 1 1 1 0 0 1 1 0 1 0 1 2 0 2 1 1 1 2 0 2 1 1 1 2 2 0 2 2 1 1 1 1 1 1 1 2 0 2 1 1 1 2 0 2 2 1 1 1 1 0 2 0 2 2 1 1 0 2 2 0 2 2 0 1 0 0 1 0 0 1 1 1 2 0 2 0 2 1 1 1 0 0 0 1 0 0 1 1 2 2 0 2 2 1 1 1 1 1 1 0 0 1 1 1 2 0 2 1 1 1 1 1 1 0 0 1 1 1 2 2 3 
217:tests/unit/tracker_spec.lua
1 0 2 2 0 26 57 27 0 2 2 1 2 0 2 1 1 1 1 1 1 2 2 0 2 2 1 1 2 0 2 1 1 1 2 0 2 1 1 1 1 2 0 2 1 1 1 2 2 0 2 2 1 1 2 0 2 1 1 1 2 0 2 1 1 1 1 2 0 2 1 1 1 2 2 0 2 2 1 1 2 0 2 1 1 1 2 0 2 1 1 1 2 2 0 2 2 1 1 1 2 0 2 1 1 1 2 0 2 1 1 2 2 0 2 2 0 1 1 0 0 1 1 0 0 1 1 2 0 2 1 1 1 0 1 1 1 2 2 0 2 2 1 1 1 1 1 1 1 1 0 0 7 21 15 0 0 2 0 2 1 1 1 2 2 0 2 2 1 1 1 2 0 2 1 1 1 2 0 2 1 1 1 2 2 0 2 2 1 1 0 0 1 1 2 2 0 2 2 1 1 0 1 1 2 0 2 1 1 1 1 0 1 1 2 2 3 
